[33mcommit b847590bb326ef86855d4411596649799000e50a[m
Author: Deepak Chaudhary <chaudhary_deep@yahoo.com>
Date:   Fri Aug 26 19:15:12 2016 +0530

    5th file modified

[33mcommit 8695714f61e185b4248e0e174e967a5f6d681778[m
Author: Deepak Chaudhary <chaudhary_deep@yahoo.com>
Date:   Fri Aug 26 19:13:36 2016 +0530

    5th file added

[33mcommit a56c920888a4edbbfa4f56a247df3ff3f7d0fdc9[m
Author: Deepak Chaudhary <chaudhary_deep@yahoo.com>
Date:   Mon Aug 22 02:19:18 2016 +0530

    reorganising

[33mcommit 6f7dfaae88e24a7e0a7b289a4dd0da6723898164[m
Author: Deepak Chaudhary <chaudhary_deep@yahoo.com>
Date:   Mon Aug 22 02:11:57 2016 +0530

    second file deleted from repo

[33mcommit e23696480acd04c2ea2e38ceba864e91a3bedc4d[m
Author: Deepak Chaudhary <chaudhary_deep@yahoo.com>
Date:   Mon Aug 22 02:08:27 2016 +0530

    first file deleted from repo

[33mcommit f2a16f5b8c0c81652ef66f706e641c1fd3916be9[m
Author: Deepak Chaudhary <chaudhary_deep@yahoo.com>
Date:   Mon Aug 22 02:04:32 2016 +0530

    adding files to delete

[33mcommit fe22dcb8ba87bed883fd8da83d08166a6bad5f1c[m
Author: Deepak Chaudhary <chaudhary_deep@yahoo.com>
Date:   Mon Aug 22 02:01:39 2016 +0530

    minor text commits

[33mcommit 9fba5ee43592045a3077a01d4601730a8885f73b[m
Author: Deepak Chaudhary <chaudhary_deep@yahoo.com>
Date:   Mon Aug 22 01:46:35 2016 +0530

    Made changes to third file

[33mcommit 6a6fd15bdd02816bf1960cd48e4f5c886bd72c3a[m
Author: Deepak Chaudhary <chaudhary_deep@yahoo.com>
Date:   Mon Aug 22 01:44:54 2016 +0530

    Made changes to first and second files

[33mcommit 89846076908a760ea8575ed9c645d0390ba6b53e[m
Author: Deepak Chaudhary <chaudhary_deep@yahoo.com>
Date:   Mon Aug 22 01:36:44 2016 +0530

    Add third file to project

[33mcommit 706919a9db208be4574bd6b4e064476a55e5aebd[m
Author: Deepak Chaudhary <chaudhary_deep@yahoo.com>
Date:   Mon Aug 22 01:34:31 2016 +0530

    Add second file to project

[33mcommit d570678dd90299e2d625518dd6e85645351ca010[m
Author: Deepak Chaudhary <chaudhary_deep@yahoo.com>
Date:   Mon Aug 22 01:28:34 2016 +0530

    first commit
